<?xml version="1.0" encoding="UTF-8"?>
<testng-results ignored="0" total="1" passed="1" failed="0" skipped="0">
  <reporter-output>
  </reporter-output>
  <suite started-at="2023-08-14T22:44:57 IST" name="Default suite" finished-at="2023-08-14T22:44:59 IST" duration-ms="1896">
    <groups>
    </groups>
    <test started-at="2023-08-14T22:44:57 IST" name="Default test" finished-at="2023-08-14T22:44:59 IST" duration-ms="1896">
      <class name="tests.TestLogin">
        <test-method is-config="true" signature="setup()[pri:0, instance:tests.TestLogin@61862a7f]" started-at="2023-08-14T22:44:57 IST" name="setup" finished-at="2023-08-14T22:44:59 IST" duration-ms="1599" status="PASS">
          <reporter-output>
          </reporter-output>
        </test-method> <!-- setup -->
        <test-method signature="test_login_page()[pri:0, instance:tests.TestLogin@61862a7f]" started-at="2023-08-14T22:44:59 IST" name="test_login_page" finished-at="2023-08-14T22:44:59 IST" duration-ms="170" status="PASS">
          <reporter-output>
          </reporter-output>
        </test-method> <!-- test_login_page -->
        <test-method is-config="true" signature="quit()[pri:0, instance:tests.TestLogin@61862a7f]" started-at="2023-08-14T22:44:59 IST" name="quit" finished-at="2023-08-14T22:44:59 IST" duration-ms="112" status="PASS">
          <reporter-output>
          </reporter-output>
        </test-method> <!-- quit -->
      </class> <!-- tests.TestLogin -->
    </test> <!-- Default test -->
  </suite> <!-- Default suite -->
</testng-results>
